<?xml version="1.0" encoding="utf-8"?><testsuites><testsuite errors="0" failures="1" hostname="rastic-XPS-9315" name="pytest" skipped="0" tests="3" time="0.228" timestamp="2024-10-24T19:26:30.895584"><testcase classname="my_package.test.test_copyright" file="test/test_copyright.py" line="18" name="test_copyright" time="0.018"><failure message="AssertionError: Found errors
assert 1 == 0">test/test_copyright.py:23: in test_copyright
    assert rc == 0, &apos;Found errors&apos;
E   AssertionError: Found errors
E   assert 1 == 0</failure><system-err>my_package/my_node.py: could not find copyright notice
1 errors, checked 5 files
</system-err></testcase><testcase classname="my_package.test.test_flake8" file="test/test_flake8.py" line="18" name="test_flake8" time="0.099"><system-out>
6 files checked
No problems found

Checked files:

* ./setup.py
* ./my_package/my_node.py
* ./my_package/__init__.py
* ./test/test_copyright.py
* ./test/test_pep257.py
* ./test/test_flake8.py
</system-out></testcase><testcase classname="my_package.test.test_pep257" file="test/test_pep257.py" line="18" name="test_pep257" time="0.017"><system-out>checking ./my_package/__init__.py
checking ./my_package/my_node.py
checking ./setup.py
checking ./test/test_copyright.py
checking ./test/test_flake8.py
checking ./test/test_pep257.py
checking test/test_copyright.py
checking test/test_flake8.py
checking test/test_pep257.py
No problems found
</system-out></testcase></testsuite></testsuites>