<?xml version="1.0" encoding="utf-8"?><testsuites><testsuite errors="0" failures="1" hostname="rastic-XPS-9315" name="pytest" skipped="1" tests="3" time="0.248" timestamp="2024-10-24T19:26:31.136158"><testcase classname="turtle_demo_controller.test.test_copyright" file="test/test_copyright.py" line="19" name="test_copyright" time="0.000"><skipped message="No copyright header has been placed in the generated source file." type="pytest.skip">test/test_copyright.py:19: No copyright header has been placed in the generated source file.</skipped></testcase><testcase classname="turtle_demo_controller.test.test_flake8" file="test/test_flake8.py" line="18" name="test_flake8" time="0.123"><failure message="AssertionError: Found 55 code style errors / warnings:
  ./setup.py:26:2: W292 no newline at end of file
  ./turtle_demo_controller/turtle_controller.py:8:1: E302 expected 2 blank lines, found 1
  ./turtle_demo_controller/turtle_controller.py:19:18: W291 trailing whitespace
  ./turtle_demo_controller/turtle_controller.py:20:29: W291 trailing whitespace
  ./turtle_demo_controller/turtle_controller.py:21:32: W291 trailing whitespace
  ./turtle_demo_controller/turtle_controller.py:29:1: W293 blank line contains whitespace
  ./turtle_demo_controller/turtle_controller.py:33:1: W293 blank line contains whitespace
  ./turtle_demo_controller/turtle_controller.py:36:1: W293 blank line contains whitespace
  ./turtle_demo_controller/turtle_controller.py:42:1: W293 blank line contains whitespace
  ./turtle_demo_controller/turtle_controller.py:45:1: W293 blank line contains whitespace
  ./turtle_demo_controller/turtle_controller.py:51:1: W293 blank line contains whitespace
  ./turtle_demo_controller/turtle_controller.py:53:100: E501 line too long (129 &gt; 99 characters)
  ./turtle_demo_controller/turtle_controller.py:58:1: W293 blank line contains whitespace
  ./turtle_demo_controller/turtle_controller.py:63:54: W291 trailing whitespace
  ./turtle_demo_controller/turtle_controller.py:70:100: E501 line too long (113 &gt; 99 characters)
  ./turtle_demo_controller/turtle_controller.py:71:1: W293 blank line contains whitespace
  ./turtle_demo_controller/turtle_controller.py:76:1: W293 blank line contains whitespace
  ./turtle_demo_controller/turtle_controller.py:80:1: E302 expected 2 blank lines, found 1
  ./turtle_demo_controller/turtle_controller.py:87:1: E305 expected 2 blank lines after class or function definition, found 1
  ./turtle_demo_controller/turtle_controller.py:89:1: W391 blank line at end of file
  ./turtle_demo_controller/turtle_controller_with_pid_implimentation.py:8:1: E302 expected 2 blank lines, found 1
  ./turtle_demo_controller/turtle_controller_with_pid_implimentation.py:12:1: W293 blank line contains whitespace
  ./turtle_demo_controller/turtle_controller_with_pid_implimentation.py:14:9: E303 too many blank lines (2)
  ./turtle_demo_controller/turtle_controller_with_pid_implimentation.py:16:1: W293 blank line contains whitespace
  ./turtle_demo_controller/turtle_controller_with_pid_implimentation.py:18:1: W293 blank line contains whitespace
  ./turtle_demo_controller/turtle_controller_with_pid_implimentation.py:20:9: E303 too many blank lines (4)
  ./turtle_demo_controller/turtle_controller_with_pid_implimentation.py:25:9: E265 block comment should start with &apos;# &apos;
  ./turtle_demo_controller/turtle_controller_with_pid_implimentation.py:25:100: E501 line too long (103 &gt; 99 characters)
  ./turtle_demo_controller/turtle_controller_with_pid_implimentation.py:26:1: W293 blank line contains whitespace
  ./turtle_demo_controller/turtle_controller_with_pid_implimentation.py:35:1: W293 blank line contains whitespace
  ./turtle_demo_controller/turtle_controller_with_pid_implimentation.py:37:1: W293 blank line contains whitespace
  ./turtle_demo_controller/turtle_controller_with_pid_implimentation.py:38:9: E265 block comment should start with &apos;# &apos;
  ./turtle_demo_controller/turtle_controller_with_pid_implimentation.py:42:1: W293 blank line contains whitespace
  ./turtle_demo_controller/turtle_controller_with_pid_implimentation.py:45:1: W293 blank line contains whitespace
  ./turtle_demo_controller/turtle_controller_with_pid_implimentation.py:51:9: E265 block comment should start with &apos;# &apos;
  ./turtle_demo_controller/turtle_controller_with_pid_implimentation.py:51:100: E501 line too long (117 &gt; 99 characters)
  ./turtle_demo_controller/turtle_controller_with_pid_implimentation.py:60:1: W293 blank line contains whitespace
  ./turtle_demo_controller/turtle_controller_with_pid_implimentation.py:61:1: W293 blank line contains whitespace
  ./turtle_demo_controller/turtle_controller_with_pid_implimentation.py:62:1: W293 blank line contains whitespace
  ./turtle_demo_controller/turtle_controller_with_pid_implimentation.py:63:9: E303 too many blank lines (3)
  ./turtle_demo_controller/turtle_controller_with_pid_implimentation.py:67:1: W293 blank line contains whitespace
  ./turtle_demo_controller/turtle_controller_with_pid_implimentation.py:69:9: E303 too many blank lines (2)
  ./turtle_demo_controller/turtle_controller_with_pid_implimentation.py:72:9: E265 block comment should start with &apos;# &apos;
  ./turtle_demo_controller/turtle_controller_with_pid_implimentation.py:73:28: E261 at least two spaces before inline comment
  ./turtle_demo_controller/turtle_controller_with_pid_implimentation.py:73:29: E262 inline comment should start with &apos;# &apos;
  ./turtle_demo_controller/turtle_controller_with_pid_implimentation.py:78:22: W291 trailing whitespace
  ./turtle_demo_controller/turtle_controller_with_pid_implimentation.py:81:9: E303 too many blank lines (2)
  ./turtle_demo_controller/turtle_controller_with_pid_implimentation.py:82:24: E225 missing whitespace around operator
  ./turtle_demo_controller/turtle_controller_with_pid_implimentation.py:82:29: E261 at least two spaces before inline comment
  ./turtle_demo_controller/turtle_controller_with_pid_implimentation.py:82:30: E262 inline comment should start with &apos;# &apos;
  ./turtle_demo_controller/turtle_controller_with_pid_implimentation.py:85:1: W293 blank line contains whitespace
  ./turtle_demo_controller/turtle_controller_with_pid_implimentation.py:88:22: W291 trailing whitespace
  ./turtle_demo_controller/turtle_controller_with_pid_implimentation.py:94:9: E265 block comment should start with &apos;# &apos;
  ./turtle_demo_controller/turtle_controller_with_pid_implimentation.py:100:1: E302 expected 2 blank lines, found 1
  ./turtle_demo_controller/turtle_controller_with_pid_implimentation.py:107:1: E305 expected 2 blank lines after class or function definition, found 1
assert 1 == 0">test/test_flake8.py:23: in test_flake8
    assert rc == 0, \
E   AssertionError: Found 55 code style errors / warnings:
E     ./setup.py:26:2: W292 no newline at end of file
E     ./turtle_demo_controller/turtle_controller.py:8:1: E302 expected 2 blank lines, found 1
E     ./turtle_demo_controller/turtle_controller.py:19:18: W291 trailing whitespace
E     ./turtle_demo_controller/turtle_controller.py:20:29: W291 trailing whitespace
E     ./turtle_demo_controller/turtle_controller.py:21:32: W291 trailing whitespace
E     ./turtle_demo_controller/turtle_controller.py:29:1: W293 blank line contains whitespace
E     ./turtle_demo_controller/turtle_controller.py:33:1: W293 blank line contains whitespace
E     ./turtle_demo_controller/turtle_controller.py:36:1: W293 blank line contains whitespace
E     ./turtle_demo_controller/turtle_controller.py:42:1: W293 blank line contains whitespace
E     ./turtle_demo_controller/turtle_controller.py:45:1: W293 blank line contains whitespace
E     ./turtle_demo_controller/turtle_controller.py:51:1: W293 blank line contains whitespace
E     ./turtle_demo_controller/turtle_controller.py:53:100: E501 line too long (129 &gt; 99 characters)
E     ./turtle_demo_controller/turtle_controller.py:58:1: W293 blank line contains whitespace
E     ./turtle_demo_controller/turtle_controller.py:63:54: W291 trailing whitespace
E     ./turtle_demo_controller/turtle_controller.py:70:100: E501 line too long (113 &gt; 99 characters)
E     ./turtle_demo_controller/turtle_controller.py:71:1: W293 blank line contains whitespace
E     ./turtle_demo_controller/turtle_controller.py:76:1: W293 blank line contains whitespace
E     ./turtle_demo_controller/turtle_controller.py:80:1: E302 expected 2 blank lines, found 1
E     ./turtle_demo_controller/turtle_controller.py:87:1: E305 expected 2 blank lines after class or function definition, found 1
E     ./turtle_demo_controller/turtle_controller.py:89:1: W391 blank line at end of file
E     ./turtle_demo_controller/turtle_controller_with_pid_implimentation.py:8:1: E302 expected 2 blank lines, found 1
E     ./turtle_demo_controller/turtle_controller_with_pid_implimentation.py:12:1: W293 blank line contains whitespace
E     ./turtle_demo_controller/turtle_controller_with_pid_implimentation.py:14:9: E303 too many blank lines (2)
E     ./turtle_demo_controller/turtle_controller_with_pid_implimentation.py:16:1: W293 blank line contains whitespace
E     ./turtle_demo_controller/turtle_controller_with_pid_implimentation.py:18:1: W293 blank line contains whitespace
E     ./turtle_demo_controller/turtle_controller_with_pid_implimentation.py:20:9: E303 too many blank lines (4)
E     ./turtle_demo_controller/turtle_controller_with_pid_implimentation.py:25:9: E265 block comment should start with &apos;# &apos;
E     ./turtle_demo_controller/turtle_controller_with_pid_implimentation.py:25:100: E501 line too long (103 &gt; 99 characters)
E     ./turtle_demo_controller/turtle_controller_with_pid_implimentation.py:26:1: W293 blank line contains whitespace
E     ./turtle_demo_controller/turtle_controller_with_pid_implimentation.py:35:1: W293 blank line contains whitespace
E     ./turtle_demo_controller/turtle_controller_with_pid_implimentation.py:37:1: W293 blank line contains whitespace
E     ./turtle_demo_controller/turtle_controller_with_pid_implimentation.py:38:9: E265 block comment should start with &apos;# &apos;
E     ./turtle_demo_controller/turtle_controller_with_pid_implimentation.py:42:1: W293 blank line contains whitespace
E     ./turtle_demo_controller/turtle_controller_with_pid_implimentation.py:45:1: W293 blank line contains whitespace
E     ./turtle_demo_controller/turtle_controller_with_pid_implimentation.py:51:9: E265 block comment should start with &apos;# &apos;
E     ./turtle_demo_controller/turtle_controller_with_pid_implimentation.py:51:100: E501 line too long (117 &gt; 99 characters)
E     ./turtle_demo_controller/turtle_controller_with_pid_implimentation.py:60:1: W293 blank line contains whitespace
E     ./turtle_demo_controller/turtle_controller_with_pid_implimentation.py:61:1: W293 blank line contains whitespace
E     ./turtle_demo_controller/turtle_controller_with_pid_implimentation.py:62:1: W293 blank line contains whitespace
E     ./turtle_demo_controller/turtle_controller_with_pid_implimentation.py:63:9: E303 too many blank lines (3)
E     ./turtle_demo_controller/turtle_controller_with_pid_implimentation.py:67:1: W293 blank line contains whitespace
E     ./turtle_demo_controller/turtle_controller_with_pid_implimentation.py:69:9: E303 too many blank lines (2)
E     ./turtle_demo_controller/turtle_controller_with_pid_implimentation.py:72:9: E265 block comment should start with &apos;# &apos;
E     ./turtle_demo_controller/turtle_controller_with_pid_implimentation.py:73:28: E261 at least two spaces before inline comment
E     ./turtle_demo_controller/turtle_controller_with_pid_implimentation.py:73:29: E262 inline comment should start with &apos;# &apos;
E     ./turtle_demo_controller/turtle_controller_with_pid_implimentation.py:78:22: W291 trailing whitespace
E     ./turtle_demo_controller/turtle_controller_with_pid_implimentation.py:81:9: E303 too many blank lines (2)
E     ./turtle_demo_controller/turtle_controller_with_pid_implimentation.py:82:24: E225 missing whitespace around operator
E     ./turtle_demo_controller/turtle_controller_with_pid_implimentation.py:82:29: E261 at least two spaces before inline comment
E     ./turtle_demo_controller/turtle_controller_with_pid_implimentation.py:82:30: E262 inline comment should start with &apos;# &apos;
E     ./turtle_demo_controller/turtle_controller_with_pid_implimentation.py:85:1: W293 blank line contains whitespace
E     ./turtle_demo_controller/turtle_controller_with_pid_implimentation.py:88:22: W291 trailing whitespace
E     ./turtle_demo_controller/turtle_controller_with_pid_implimentation.py:94:9: E265 block comment should start with &apos;# &apos;
E     ./turtle_demo_controller/turtle_controller_with_pid_implimentation.py:100:1: E302 expected 2 blank lines, found 1
E     ./turtle_demo_controller/turtle_controller_with_pid_implimentation.py:107:1: E305 expected 2 blank lines after class or function definition, found 1
E   assert 1 == 0</failure><system-out>
./setup.py:26:2: W292 no newline at end of file
) ^

./turtle_demo_controller/turtle_controller.py:8:1: E302 expected 2 blank lines, found 1
class TurtleControllerNode(Node):
^

./turtle_demo_controller/turtle_controller.py:19:18: W291 trailing whitespace
            Pose, 
                 ^

./turtle_demo_controller/turtle_controller.py:20:29: W291 trailing whitespace
            &quot;/turtle1/pose&quot;, 
                            ^

./turtle_demo_controller/turtle_controller.py:21:32: W291 trailing whitespace
            self.pose_callback, 
                               ^

./turtle_demo_controller/turtle_controller.py:29:1: W293 blank line contains whitespace
        
^

./turtle_demo_controller/turtle_controller.py:33:1: W293 blank line contains whitespace
        
^

./turtle_demo_controller/turtle_controller.py:36:1: W293 blank line contains whitespace
        
^

./turtle_demo_controller/turtle_controller.py:42:1: W293 blank line contains whitespace
        
^

./turtle_demo_controller/turtle_controller.py:45:1: W293 blank line contains whitespace
        
^

./turtle_demo_controller/turtle_controller.py:51:1: W293 blank line contains whitespace
        
^

./turtle_demo_controller/turtle_controller.py:53:100: E501 line too long (129 &gt; 99 characters)
        self.get_logger().info(f&quot;Desired Heading: {desired_heading}, Current Angle: {msg.theta}, Heading Error: {heading_error}&quot;)
                                                                                                   ^

./turtle_demo_controller/turtle_controller.py:58:1: W293 blank line contains whitespace
        
^

./turtle_demo_controller/turtle_controller.py:63:54: W291 trailing whitespace
        angular_velocity = Kp_angular * heading_error  
                                                     ^

./turtle_demo_controller/turtle_controller.py:70:100: E501 line too long (113 &gt; 99 characters)
        self.get_logger().info(f&quot;Publishing Velocities - Linear: {linear_velocity}, Angular: {angular_velocity}&quot;)
                                                                                                   ^

./turtle_demo_controller/turtle_controller.py:71:1: W293 blank line contains whitespace
        
^

./turtle_demo_controller/turtle_controller.py:76:1: W293 blank line contains whitespace
        
^

./turtle_demo_controller/turtle_controller.py:80:1: E302 expected 2 blank lines, found 1
def main(args=None):
^

./turtle_demo_controller/turtle_controller.py:87:1: E305 expected 2 blank lines after class or function definition, found 1
if __name__ == &apos;__main__&apos;:
^

./turtle_demo_controller/turtle_controller.py:89:1: W391 blank line at end of file

^

./turtle_demo_controller/turtle_controller_with_pid_implimentation.py:8:1: E302 expected 2 blank lines, found 1
class Controller_Node(Node):
^

./turtle_demo_controller/turtle_controller_with_pid_implimentation.py:12:1: W293 blank line contains whitespace
        
^

./turtle_demo_controller/turtle_controller_with_pid_implimentation.py:14:9: E303 too many blank lines (2)
        self.desired_x = 9.0  # Adjust as needed
        ^

./turtle_demo_controller/turtle_controller_with_pid_implimentation.py:16:1: W293 blank line contains whitespace
        
^

./turtle_demo_controller/turtle_controller_with_pid_implimentation.py:18:1: W293 blank line contains whitespace
      
^

./turtle_demo_controller/turtle_controller_with_pid_implimentation.py:20:9: E303 too many blank lines (4)
        # Publisher and Subscriber
        ^

./turtle_demo_controller/turtle_controller_with_pid_implimentation.py:25:9: E265 block comment should start with &apos;# &apos;
        #self.get_logger().info(f&quot;Current x={msg.x} current y={msg.y} and current angle = {msg.theta}&quot;)
        ^

./turtle_demo_controller/turtle_controller_with_pid_implimentation.py:25:100: E501 line too long (103 &gt; 99 characters)
        #self.get_logger().info(f&quot;Current x={msg.x} current y={msg.y} and current angle = {msg.theta}&quot;)
                                                                                                   ^

./turtle_demo_controller/turtle_controller_with_pid_implimentation.py:26:1: W293 blank line contains whitespace
       
^

./turtle_demo_controller/turtle_controller_with_pid_implimentation.py:35:1: W293 blank line contains whitespace
        
^

./turtle_demo_controller/turtle_controller_with_pid_implimentation.py:37:1: W293 blank line contains whitespace
        
^

./turtle_demo_controller/turtle_controller_with_pid_implimentation.py:38:9: E265 block comment should start with &apos;# &apos;
        #self.get_logger().info(f&quot;Error in x {err_x} and error in y {err_y}&quot;)
        ^

./turtle_demo_controller/turtle_controller_with_pid_implimentation.py:42:1: W293 blank line contains whitespace
        
^

./turtle_demo_controller/turtle_controller_with_pid_implimentation.py:45:1: W293 blank line contains whitespace
       
^

./turtle_demo_controller/turtle_controller_with_pid_implimentation.py:51:9: E265 block comment should start with &apos;# &apos;
        #self.get_logger().info(f&quot;Desired Angle = {desired_theta} current angle {msg.theta} Error angle {err_theta}&quot;)
        ^

./turtle_demo_controller/turtle_controller_with_pid_implimentation.py:51:100: E501 line too long (117 &gt; 99 characters)
        #self.get_logger().info(f&quot;Desired Angle = {desired_theta} current angle {msg.theta} Error angle {err_theta}&quot;)
                                                                                                   ^

./turtle_demo_controller/turtle_controller_with_pid_implimentation.py:60:1: W293 blank line contains whitespace
        
^

./turtle_demo_controller/turtle_controller_with_pid_implimentation.py:61:1: W293 blank line contains whitespace
        
^

./turtle_demo_controller/turtle_controller_with_pid_implimentation.py:62:1: W293 blank line contains whitespace
        
^

./turtle_demo_controller/turtle_controller_with_pid_implimentation.py:63:9: E303 too many blank lines (3)
        integral_dist += err_dist
        ^

./turtle_demo_controller/turtle_controller_with_pid_implimentation.py:67:1: W293 blank line contains whitespace
        
^

./turtle_demo_controller/turtle_controller_with_pid_implimentation.py:69:9: E303 too many blank lines (2)
        # TODO: Add integral and derivative calculations for complete PID
        ^

./turtle_demo_controller/turtle_controller_with_pid_implimentation.py:72:9: E265 block comment should start with &apos;# &apos;
        #l_v = Kp_dist * abs(err_x) # + Ki_dist * integral_dist + Kd_dist * derivative_dist
        ^

./turtle_demo_controller/turtle_controller_with_pid_implimentation.py:73:28: E261 at least two spaces before inline comment
        if err_dist &gt;= 0.1: #checking whether error distance within tolerence
                           ^

./turtle_demo_controller/turtle_controller_with_pid_implimentation.py:73:29: E262 inline comment should start with &apos;# &apos;
        if err_dist &gt;= 0.1: #checking whether error distance within tolerence
                            ^

./turtle_demo_controller/turtle_controller_with_pid_implimentation.py:78:22: W291 trailing whitespace
            l_v = 0.0    
                     ^

./turtle_demo_controller/turtle_controller_with_pid_implimentation.py:81:9: E303 too many blank lines (2)
        # PID control for angular velocity
        ^

./turtle_demo_controller/turtle_controller_with_pid_implimentation.py:82:24: E225 missing whitespace around operator
        if err_theta &gt;=0.08: #checking whether heading angle error within tolerence
                       ^

./turtle_demo_controller/turtle_controller_with_pid_implimentation.py:82:29: E261 at least two spaces before inline comment
        if err_theta &gt;=0.08: #checking whether heading angle error within tolerence
                            ^

./turtle_demo_controller/turtle_controller_with_pid_implimentation.py:82:30: E262 inline comment should start with &apos;# &apos;
        if err_theta &gt;=0.08: #checking whether heading angle error within tolerence
                             ^

./turtle_demo_controller/turtle_controller_with_pid_implimentation.py:85:1: W293 blank line contains whitespace
            
^

./turtle_demo_controller/turtle_controller_with_pid_implimentation.py:88:22: W291 trailing whitespace
            a_v = 0.0      
                     ^

./turtle_demo_controller/turtle_controller_with_pid_implimentation.py:94:9: E265 block comment should start with &apos;# &apos;
        #self.get_logger().info(f&quot;Commanding liner ={l_v} and angular ={a_v}&quot;)
        ^

./turtle_demo_controller/turtle_controller_with_pid_implimentation.py:100:1: E302 expected 2 blank lines, found 1
def main(args=None):
^

./turtle_demo_controller/turtle_controller_with_pid_implimentation.py:107:1: E305 expected 2 blank lines after class or function definition, found 1
if __name__ == &apos;__main__&apos;:
^

1     E225 missing whitespace around operator
2     E261 at least two spaces before inline comment
2     E262 inline comment should start with &apos;# &apos;
5     E265 block comment should start with &apos;# &apos;
4     E302 expected 2 blank lines, found 1
5     E303 too many blank lines (2)
2     E305 expected 2 blank lines after class or function definition, found 1
4     E501 line too long (129 &gt; 99 characters)
6     W291 trailing whitespace
1     W292 no newline at end of file
22    W293 blank line contains whitespace
1     W391 blank line at end of file

7 files checked
55 errors

&apos;E&apos;-type errors: 25
&apos;W&apos;-type errors: 30

Checked files:

* ./setup.py
* ./turtle_demo_controller/turtle_controller.py
* ./turtle_demo_controller/turtle_controller_with_pid_implimentation.py
* ./turtle_demo_controller/__init__.py
* ./test/test_copyright.py
* ./test/test_pep257.py
* ./test/test_flake8.py
</system-out></testcase><testcase classname="turtle_demo_controller.test.test_pep257" file="test/test_pep257.py" line="18" name="test_pep257" time="0.023"><system-out>checking ./setup.py
checking ./test/test_copyright.py
checking ./test/test_flake8.py
checking ./test/test_pep257.py
checking ./turtle_demo_controller/__init__.py
checking ./turtle_demo_controller/turtle_controller.py
checking ./turtle_demo_controller/turtle_controller_with_pid_implimentation.py
checking test/test_copyright.py
checking test/test_flake8.py
checking test/test_pep257.py
No problems found
</system-out></testcase></testsuite></testsuites>